Script started.
Loaded Anaconda3.
Environment activated.
Created directory: /home/dchen10/sim_results/dataset17
Dataset: 17
CPUs: 25
Integrating sim 0  for 9e+05 years
Integrating sim 1  for 9e+05 years
Integrating sim 2  for 9e+05 years
Integrating sim 3  for 9e+05 years
Integrating sim 5  for 9e+05 years
Integrating sim 4  for 9e+05 years
Integrating sim 6  for 9e+05 years
Integrating sim 7  for 9e+05 years
Integrating sim 8  for 9e+05 years
Integrating sim 9  for 9e+05 years
Integrating sim 10 for 9e+05 years
Integrating sim 11 for 9e+05 years
Integrating sim 12 for 9e+05 years
Integrating sim 13 for 9e+05 years
Integrating sim 14 for 9e+05 years
Integrating sim 15 for 9e+05 years
Integrating sim 16 for 9e+05 years
Integrating sim 17 for 9e+05 years
Integrating sim 18 for 9e+05 years
Integrating sim 19 for 9e+05 years
Integrating sim 20 for 9e+05 years
Integrating sim 21 for 9e+05 years
Integrating sim 23 for 9e+05 years
Integrating sim 22 for 9e+05 years
Integrating sim 24 for 9e+05 years
Integrating sim 33 for 9e+05 years
Integrating sim 32 for 9e+05 years
Integrating sim 29 for 9e+05 years
Integrating sim 30 for 9e+05 years
Integrating sim 49 for 9e+05 years
Integrating sim 44 for 9e+05 years
Integrating sim 31 for 9e+05 years
Integrating sim 28 for 9e+05 years
Integrating sim 48 for 9e+05 years
Integrating sim 43 for 9e+05 years
Integrating sim 26 for 9e+05 years
Integrating sim 25 for 9e+05 years
Integrating sim 46 for 9e+05 years
Integrating sim 27 for 9e+05 years
Integrating sim 41 for 9e+05 years
Integrating sim 45 for 9e+05 years
Integrating sim 39 for 9e+05 years
Integrating sim 38 for 9e+05 years
Integrating sim 47 for 9e+05 years
Exception ignored while calling deallocator <function Node.__del__ at 0x7fc71c741dd0>:
Traceback (most recent call last):
  File "/home/dchen10/.conda/envs/myenv/lib/python3.14/site-packages/tables/node.py", line 325, in __del__
    self._f_close()
  File "/home/dchen10/.conda/envs/myenv/lib/python3.14/site-packages/tables/table.py", line 3206, in _f_close
    self.flush()
  File "/home/dchen10/.conda/envs/myenv/lib/python3.14/site-packages/tables/table.py", line 3133, in flush
    if self._v_file._iswritable():
  File "/home/dchen10/.conda/envs/myenv/lib/python3.14/site-packages/tables/file.py", line 2335, in _iswritable
    return self.mode in ("w", "a", "r+")
AttributeError: 'File' object has no attribute 'mode'
Integrating sim 42 for 9e+05 years
Integrating sim 34 for 9e+05 years
Integrating sim 36 for 9e+05 years
Integrating sim 37 for 9e+05 years
Integrating sim 40 for 9e+05 years
Integrating sim 35 for 9e+05 years
Saved to ../sim_results/dataset17/outcomes.pkl
Time elapsed: 18483.0 sec
Finished running.
